<?xml version="1.0" encoding="UTF-8"?>
<!-- Generated by org.testng.reporters.JUnitReportReporter -->
<testsuite hostname="192.168.1.3" failures="0" tests="1" name="read_tags.XXXTWO" time="101.823" errors="0" timestamp="2023-12-11T17:30:23 IST" skipped="0">
  <testcase classname="read_tags.XXXTWO" name="loginTest" time="101.823"/>
  <system-out/>
</testsuite> <!-- read_tags.XXXTWO -->
